<?xml version="1.0" encoding="UTF-8"?>
<coverage generated="1561508231446" clover="3.2.0">
  <project timestamp="1561508231446" name="All files">
    <metrics statements="121" coveredstatements="118" conditionals="51" coveredconditionals="49" methods="31" coveredmethods="30" elements="203" coveredelements="197" complexity="0" loc="121" ncloc="121" packages="1" files="5" classes="5"/>
    <file name="cli.js" path="/home/judith-c-q-i/Escritorio/LIM009-fe-md-links/src/cli.js">
      <metrics statements="35" coveredstatements="35" conditionals="28" coveredconditionals="28" methods="8" coveredmethods="8"/>
      <line num="1" count="1" type="stmt"/>
      <line num="5" count="1" type="stmt"/>
      <line num="6" count="1" type="stmt"/>
      <line num="7" count="1" type="stmt"/>
      <line num="9" count="1" type="stmt"/>
      <line num="10" count="9" type="cond" truecount="5" falsecount="0"/>
      <line num="11" count="2" type="stmt"/>
      <line num="13" count="2" type="cond" truecount="2" falsecount="0"/>
      <line num="14" count="1" type="stmt"/>
      <line num="17" count="1" type="stmt"/>
      <line num="18" count="4" type="stmt"/>
      <line num="20" count="1" type="stmt"/>
      <line num="21" count="1" type="stmt"/>
      <line num="25" count="7" type="cond" truecount="5" falsecount="0"/>
      <line num="26" count="2" type="stmt"/>
      <line num="28" count="2" type="cond" truecount="2" falsecount="0"/>
      <line num="29" count="1" type="stmt"/>
      <line num="31" count="1" type="stmt"/>
      <line num="32" count="4" type="stmt"/>
      <line num="34" count="1" type="stmt"/>
      <line num="35" count="1" type="stmt"/>
      <line num="38" count="5" type="cond" truecount="5" falsecount="0"/>
      <line num="39" count="2" type="stmt"/>
      <line num="41" count="2" type="cond" truecount="2" falsecount="0"/>
      <line num="42" count="1" type="stmt"/>
      <line num="44" count="1" type="stmt"/>
      <line num="45" count="1" type="stmt"/>
      <line num="48" count="3" type="cond" truecount="5" falsecount="0"/>
      <line num="49" count="2" type="stmt"/>
      <line num="51" count="2" type="cond" truecount="2" falsecount="0"/>
      <line num="52" count="1" type="stmt"/>
      <line num="54" count="1" type="stmt"/>
      <line num="55" count="1" type="stmt"/>
      <line num="59" count="1" type="stmt"/>
      <line num="61" count="1" type="stmt"/>
    </file>
    <file name="md-links.js" path="/home/judith-c-q-i/Escritorio/LIM009-fe-md-links/src/md-links.js">
      <metrics statements="16" coveredstatements="16" conditionals="15" coveredconditionals="13" methods="2" coveredmethods="2"/>
      <line num="8" count="2" type="stmt"/>
      <line num="9" count="2" type="stmt"/>
      <line num="11" count="2" type="stmt"/>
      <line num="12" count="14" type="stmt"/>
      <line num="13" count="14" type="stmt"/>
      <line num="14" count="14" type="stmt"/>
      <line num="15" count="13" type="cond" truecount="5" falsecount="0"/>
      <line num="16" count="4" type="cond" truecount="2" falsecount="0"/>
      <line num="17" count="2" type="stmt"/>
      <line num="19" count="2" type="stmt"/>
      <line num="21" count="9" type="cond" truecount="3" falsecount="1"/>
      <line num="22" count="9" type="cond" truecount="2" falsecount="0"/>
      <line num="23" count="5" type="stmt"/>
      <line num="25" count="4" type="stmt"/>
      <line num="30" count="1" type="cond" truecount="1" falsecount="1"/>
      <line num="31" count="1" type="stmt"/>
    </file>
    <file name="path-controller.js" path="/home/judith-c-q-i/Escritorio/LIM009-fe-md-links/src/path-controller.js">
      <metrics statements="31" coveredstatements="31" conditionals="6" coveredconditionals="6" methods="9" coveredmethods="9"/>
      <line num="4" count="4" type="stmt"/>
      <line num="6" count="4" type="stmt"/>
      <line num="7" count="33" type="cond" truecount="2" falsecount="0"/>
      <line num="8" count="32" type="stmt"/>
      <line num="10" count="1" type="stmt"/>
      <line num="14" count="4" type="stmt"/>
      <line num="15" count="86" type="stmt"/>
      <line num="16" count="83" type="stmt"/>
      <line num="19" count="4" type="stmt"/>
      <line num="20" count="2" type="stmt"/>
      <line num="21" count="2" type="stmt"/>
      <line num="24" count="4" type="stmt"/>
      <line num="25" count="19" type="stmt"/>
      <line num="26" count="19" type="stmt"/>
      <line num="31" count="4" type="stmt"/>
      <line num="32" count="1" type="stmt"/>
      <line num="33" count="2" type="stmt"/>
      <line num="36" count="1" type="stmt"/>
      <line num="39" count="4" type="stmt"/>
      <line num="40" count="43" type="stmt"/>
      <line num="41" count="43" type="stmt"/>
      <line num="44" count="4" type="stmt"/>
      <line num="45" count="82" type="stmt"/>
      <line num="46" count="82" type="cond" truecount="2" falsecount="0"/>
      <line num="47" count="41" type="cond" truecount="2" falsecount="0"/>
      <line num="48" count="35" type="stmt"/>
      <line num="52" count="40" type="stmt"/>
      <line num="53" count="40" type="stmt"/>
      <line num="54" count="57" type="stmt"/>
      <line num="55" count="57" type="stmt"/>
      <line num="58" count="81" type="stmt"/>
    </file>
    <file name="stats.js" path="/home/judith-c-q-i/Escritorio/LIM009-fe-md-links/src/stats.js">
      <metrics statements="14" coveredstatements="14" conditionals="0" coveredconditionals="0" methods="5" coveredmethods="5"/>
      <line num="1" count="2" type="stmt"/>
      <line num="3" count="2" type="stmt"/>
      <line num="36" count="2" type="stmt"/>
      <line num="37" count="2" type="stmt"/>
      <line num="38" count="8" type="stmt"/>
      <line num="40" count="2" type="stmt"/>
      <line num="41" count="2" type="stmt"/>
      <line num="49" count="2" type="stmt"/>
      <line num="50" count="2" type="stmt"/>
      <line num="51" count="8" type="stmt"/>
      <line num="53" count="2" type="stmt"/>
      <line num="54" count="2" type="stmt"/>
      <line num="55" count="8" type="stmt"/>
      <line num="57" count="2" type="stmt"/>
    </file>
    <file name="validate.js" path="/home/judith-c-q-i/Escritorio/LIM009-fe-md-links/src/validate.js">
      <metrics statements="25" coveredstatements="22" conditionals="2" coveredconditionals="2" methods="7" coveredmethods="6"/>
      <line num="1" count="3" type="stmt"/>
      <line num="7" count="3" type="stmt"/>
      <line num="10" count="3" type="stmt"/>
      <line num="11" count="9" type="stmt"/>
      <line num="12" count="9" type="stmt"/>
      <line num="13" count="9" type="stmt"/>
      <line num="14" count="18" type="stmt"/>
      <line num="15" count="18" type="stmt"/>
      <line num="16" count="18" type="stmt"/>
      <line num="17" count="36" type="stmt"/>
      <line num="20" count="18" type="stmt"/>
      <line num="22" count="9" type="stmt"/>
      <line num="27" count="3" type="stmt"/>
      <line num="28" count="6" type="stmt"/>
      <line num="29" count="24" type="stmt"/>
      <line num="31" count="24" type="cond" truecount="2" falsecount="0"/>
      <line num="32" count="12" type="stmt"/>
      <line num="33" count="12" type="stmt"/>
      <line num="35" count="12" type="stmt"/>
      <line num="36" count="12" type="stmt"/>
      <line num="38" count="24" type="stmt"/>
      <line num="41" count="0" type="stmt"/>
      <line num="42" count="0" type="stmt"/>
      <line num="43" count="0" type="stmt"/>
      <line num="47" count="6" type="stmt"/>
    </file>
  </project>
</coverage>
