{"/home/judith-c-q-i/Escritorio/LIM009-fe-md-links/src/path-controller.js": {"path":"/home/judith-c-q-i/Escritorio/LIM009-fe-md-links/src/path-controller.js","statementMap":{"0":{"start":{"line":4,"column":14},"end":{"line":4,"column":73}},"1":{"start":{"line":6,"column":36},"end":{"line":12,"column":1}},"2":{"start":{"line":7,"column":2},"end":{"line":11,"column":3}},"3":{"start":{"line":8,"column":4},"end":{"line":8,"column":23}},"4":{"start":{"line":10,"column":4},"end":{"line":10,"column":37}},"5":{"start":{"line":14,"column":22},"end":{"line":17,"column":1}},"6":{"start":{"line":15,"column":16},"end":{"line":15,"column":41}},"7":{"start":{"line":16,"column":2},"end":{"line":16,"column":23}},"8":{"start":{"line":19,"column":27},"end":{"line":22,"column":1}},"9":{"start":{"line":20,"column":16},"end":{"line":20,"column":41}},"10":{"start":{"line":21,"column":2},"end":{"line":21,"column":28}},"11":{"start":{"line":24,"column":24},"end":{"line":27,"column":1}},"12":{"start":{"line":25,"column":22},"end":{"line":25,"column":59}},"13":{"start":{"line":26,"column":2},"end":{"line":26,"column":21}},"14":{"start":{"line":31,"column":29},"end":{"line":37,"column":1}},"15":{"start":{"line":32,"column":22},"end":{"line":32,"column":58}},"16":{"start":{"line":33,"column":15},"end":{"line":33,"column":69}},"17":{"start":{"line":33,"column":39},"end":{"line":33,"column":68}},"18":{"start":{"line":36,"column":2},"end":{"line":36,"column":16}},"19":{"start":{"line":39,"column":28},"end":{"line":42,"column":1}},"20":{"start":{"line":40,"column":15},"end":{"line":40,"column":51}},"21":{"start":{"line":41,"column":2},"end":{"line":41,"column":16}},"22":{"start":{"line":44,"column":36},"end":{"line":59,"column":1}},"23":{"start":{"line":45,"column":14},"end":{"line":45,"column":16}},"24":{"start":{"line":46,"column":2},"end":{"line":57,"column":3}},"25":{"start":{"line":47,"column":4},"end":{"line":49,"column":5}},"26":{"start":{"line":48,"column":6},"end":{"line":48,"column":30}},"27":{"start":{"line":52,"column":14},"end":{"line":52,"column":42}},"28":{"start":{"line":53,"column":4},"end":{"line":56,"column":6}},"29":{"start":{"line":54,"column":23},"end":{"line":54,"column":74}},"30":{"start":{"line":55,"column":6},"end":{"line":55,"column":38}},"31":{"start":{"line":58,"column":2},"end":{"line":58,"column":15}}},"fnMap":{"0":{"name":"(anonymous_0)","decl":{"start":{"line":6,"column":36},"end":{"line":6,"column":37}},"loc":{"start":{"line":6,"column":54},"end":{"line":12,"column":1}},"line":6},"1":{"name":"(anonymous_1)","decl":{"start":{"line":14,"column":22},"end":{"line":14,"column":23}},"loc":{"start":{"line":14,"column":40},"end":{"line":17,"column":1}},"line":14},"2":{"name":"(anonymous_2)","decl":{"start":{"line":19,"column":27},"end":{"line":19,"column":28}},"loc":{"start":{"line":19,"column":45},"end":{"line":22,"column":1}},"line":19},"3":{"name":"(anonymous_3)","decl":{"start":{"line":24,"column":24},"end":{"line":24,"column":25}},"loc":{"start":{"line":24,"column":42},"end":{"line":27,"column":1}},"line":24},"4":{"name":"(anonymous_4)","decl":{"start":{"line":31,"column":29},"end":{"line":31,"column":30}},"loc":{"start":{"line":31,"column":47},"end":{"line":37,"column":1}},"line":31},"5":{"name":"(anonymous_5)","decl":{"start":{"line":33,"column":31},"end":{"line":33,"column":32}},"loc":{"start":{"line":33,"column":39},"end":{"line":33,"column":68}},"line":33},"6":{"name":"(anonymous_6)","decl":{"start":{"line":39,"column":28},"end":{"line":39,"column":29}},"loc":{"start":{"line":39,"column":46},"end":{"line":42,"column":1}},"line":39},"7":{"name":"(anonymous_7)","decl":{"start":{"line":44,"column":36},"end":{"line":44,"column":37}},"loc":{"start":{"line":44,"column":54},"end":{"line":59,"column":1}},"line":44},"8":{"name":"(anonymous_8)","decl":{"start":{"line":53,"column":16},"end":{"line":53,"column":17}},"loc":{"start":{"line":53,"column":26},"end":{"line":56,"column":5}},"line":53}},"branchMap":{"0":{"loc":{"start":{"line":7,"column":2},"end":{"line":11,"column":3}},"type":"if","locations":[{"start":{"line":7,"column":2},"end":{"line":11,"column":3}},{"start":{"line":7,"column":2},"end":{"line":11,"column":3}}],"line":7},"1":{"loc":{"start":{"line":46,"column":2},"end":{"line":57,"column":3}},"type":"if","locations":[{"start":{"line":46,"column":2},"end":{"line":57,"column":3}},{"start":{"line":46,"column":2},"end":{"line":57,"column":3}}],"line":46},"2":{"loc":{"start":{"line":47,"column":4},"end":{"line":49,"column":5}},"type":"if","locations":[{"start":{"line":47,"column":4},"end":{"line":49,"column":5}},{"start":{"line":47,"column":4},"end":{"line":49,"column":5}}],"line":47}},"s":{"0":1,"1":1,"2":2,"3":1,"4":1,"5":1,"6":9,"7":7,"8":1,"9":2,"10":2,"11":1,"12":1,"13":1,"14":1,"15":1,"16":1,"17":2,"18":1,"19":1,"20":5,"21":5,"22":1,"23":5,"24":5,"25":3,"26":3,"27":2,"28":2,"29":3,"30":3,"31":5},"f":{"0":2,"1":9,"2":2,"3":1,"4":1,"5":2,"6":5,"7":5,"8":3},"b":{"0":[1,1],"1":[3,2],"2":[3,0]},"_coverageSchema":"43e27e138ebf9cfc5966b082cf9a028302ed4184","hash":"6e68d85c7bf89ee5a914ec587070c2a35e1c2f68"}
}
