{"/home/judith-c-q-i/Escritorio/LIM009-fe-md-links/src/md-links.js": {"path":"/home/judith-c-q-i/Escritorio/LIM009-fe-md-links/src/md-links.js","statementMap":{"0":{"start":{"line":7,"column":11},"end":{"line":7,"column":24}},"1":{"start":{"line":8,"column":13},"end":{"line":8,"column":28}},"2":{"start":{"line":10,"column":22},"end":{"line":32,"column":3}},"3":{"start":{"line":11,"column":4},"end":{"line":31,"column":5}},"4":{"start":{"line":12,"column":20},"end":{"line":12,"column":46}},"5":{"start":{"line":13,"column":6},"end":{"line":25,"column":5}},"6":{"start":{"line":14,"column":8},"end":{"line":18,"column":9}},"7":{"start":{"line":15,"column":10},"end":{"line":15,"column":37}},"8":{"start":{"line":17,"column":10},"end":{"line":17,"column":50}},"9":{"start":{"line":19,"column":13},"end":{"line":25,"column":5}},"10":{"start":{"line":20,"column":8},"end":{"line":24,"column":7}},"11":{"start":{"line":21,"column":10},"end":{"line":21,"column":38}},"12":{"start":{"line":23,"column":10},"end":{"line":23,"column":50}},"13":{"start":{"line":28,"column":7},"end":{"line":30,"column":7}},"14":{"start":{"line":29,"column":6},"end":{"line":29,"column":31}}},"fnMap":{"0":{"name":"(anonymous_0)","decl":{"start":{"line":10,"column":22},"end":{"line":10,"column":23}},"loc":{"start":{"line":10,"column":39},"end":{"line":32,"column":3}},"line":10},"1":{"name":"(anonymous_1)","decl":{"start":{"line":11,"column":23},"end":{"line":11,"column":24}},"loc":{"start":{"line":11,"column":33},"end":{"line":26,"column":5}},"line":11},"2":{"name":"(anonymous_2)","decl":{"start":{"line":27,"column":11},"end":{"line":27,"column":12}},"loc":{"start":{"line":28,"column":5},"end":{"line":30,"column":8}},"line":28}},"branchMap":{"0":{"loc":{"start":{"line":13,"column":6},"end":{"line":25,"column":5}},"type":"if","locations":[{"start":{"line":13,"column":6},"end":{"line":25,"column":5}},{"start":{"line":13,"column":6},"end":{"line":25,"column":5}}],"line":13},"1":{"loc":{"start":{"line":13,"column":9},"end":{"line":13,"column":79}},"type":"binary-expr","locations":[{"start":{"line":13,"column":9},"end":{"line":13,"column":35}},{"start":{"line":13,"column":40},"end":{"line":13,"column":48}},{"start":{"line":13,"column":52},"end":{"line":13,"column":78}}],"line":13},"2":{"loc":{"start":{"line":14,"column":8},"end":{"line":18,"column":9}},"type":"if","locations":[{"start":{"line":14,"column":8},"end":{"line":18,"column":9}},{"start":{"line":14,"column":8},"end":{"line":18,"column":9}}],"line":14},"3":{"loc":{"start":{"line":19,"column":13},"end":{"line":25,"column":5}},"type":"if","locations":[{"start":{"line":19,"column":13},"end":{"line":25,"column":5}},{"start":{"line":19,"column":13},"end":{"line":25,"column":5}}],"line":19},"4":{"loc":{"start":{"line":19,"column":17},"end":{"line":19,"column":70}},"type":"binary-expr","locations":[{"start":{"line":19,"column":17},"end":{"line":19,"column":43}},{"start":{"line":19,"column":47},"end":{"line":19,"column":70}}],"line":19},"5":{"loc":{"start":{"line":20,"column":8},"end":{"line":24,"column":7}},"type":"if","locations":[{"start":{"line":20,"column":8},"end":{"line":24,"column":7}},{"start":{"line":20,"column":8},"end":{"line":24,"column":7}}],"line":20},"6":{"loc":{"start":{"line":28,"column":7},"end":{"line":30,"column":7}},"type":"if","locations":[{"start":{"line":28,"column":7},"end":{"line":30,"column":7}},{"start":{"line":28,"column":7},"end":{"line":30,"column":7}}],"line":28}},"s":{"0":1,"1":1,"2":1,"3":6,"4":6,"5":4,"6":2,"7":1,"8":1,"9":2,"10":2,"11":1,"12":1,"13":2,"14":2},"f":{"0":6,"1":6,"2":2},"b":{"0":[2,2],"1":[4,4,4],"2":[1,1],"3":[2,0],"4":[2,2],"5":[1,1],"6":[2,0]},"_coverageSchema":"43e27e138ebf9cfc5966b082cf9a028302ed4184","hash":"8113fe3af4f7785fba61892963c7cf3f215f78dc"}
,"/home/judith-c-q-i/Escritorio/LIM009-fe-md-links/src/path-controller.js": {"path":"/home/judith-c-q-i/Escritorio/LIM009-fe-md-links/src/path-controller.js","statementMap":{"0":{"start":{"line":4,"column":13},"end":{"line":4,"column":72}},"1":{"start":{"line":6,"column":36},"end":{"line":12,"column":1}},"2":{"start":{"line":7,"column":4},"end":{"line":11,"column":5}},"3":{"start":{"line":8,"column":6},"end":{"line":8,"column":26}},"4":{"start":{"line":10,"column":6},"end":{"line":10,"column":41}},"5":{"start":{"line":14,"column":22},"end":{"line":17,"column":1}},"6":{"start":{"line":15,"column":16},"end":{"line":15,"column":42}},"7":{"start":{"line":16,"column":2},"end":{"line":16,"column":23}},"8":{"start":{"line":19,"column":27},"end":{"line":22,"column":1}},"9":{"start":{"line":20,"column":16},"end":{"line":20,"column":42}},"10":{"start":{"line":21,"column":2},"end":{"line":21,"column":28}},"11":{"start":{"line":24,"column":24},"end":{"line":27,"column":1}},"12":{"start":{"line":25,"column":22},"end":{"line":25,"column":60}},"13":{"start":{"line":26,"column":2},"end":{"line":26,"column":21}},"14":{"start":{"line":31,"column":29},"end":{"line":37,"column":1}},"15":{"start":{"line":32,"column":21},"end":{"line":32,"column":58}},"16":{"start":{"line":33,"column":13},"end":{"line":33,"column":66}},"17":{"start":{"line":33,"column":37},"end":{"line":33,"column":65}},"18":{"start":{"line":36,"column":3},"end":{"line":36,"column":17}},"19":{"start":{"line":39,"column":28},"end":{"line":42,"column":1}},"20":{"start":{"line":40,"column":14},"end":{"line":40,"column":51}},"21":{"start":{"line":41,"column":2},"end":{"line":41,"column":16}},"22":{"start":{"line":44,"column":36},"end":{"line":59,"column":1}},"23":{"start":{"line":45,"column":14},"end":{"line":45,"column":16}},"24":{"start":{"line":46,"column":2},"end":{"line":57,"column":3}},"25":{"start":{"line":47,"column":4},"end":{"line":49,"column":5}},"26":{"start":{"line":48,"column":6},"end":{"line":48,"column":30}},"27":{"start":{"line":52,"column":13},"end":{"line":52,"column":41}},"28":{"start":{"line":53,"column":2},"end":{"line":56,"column":4}},"29":{"start":{"line":54,"column":17},"end":{"line":54,"column":67}},"30":{"start":{"line":55,"column":2},"end":{"line":55,"column":33}},"31":{"start":{"line":58,"column":2},"end":{"line":58,"column":15}}},"fnMap":{"0":{"name":"(anonymous_0)","decl":{"start":{"line":6,"column":36},"end":{"line":6,"column":37}},"loc":{"start":{"line":6,"column":55},"end":{"line":12,"column":1}},"line":6},"1":{"name":"(anonymous_1)","decl":{"start":{"line":14,"column":22},"end":{"line":14,"column":23}},"loc":{"start":{"line":14,"column":40},"end":{"line":17,"column":1}},"line":14},"2":{"name":"(anonymous_2)","decl":{"start":{"line":19,"column":27},"end":{"line":19,"column":28}},"loc":{"start":{"line":19,"column":46},"end":{"line":22,"column":1}},"line":19},"3":{"name":"(anonymous_3)","decl":{"start":{"line":24,"column":24},"end":{"line":24,"column":25}},"loc":{"start":{"line":24,"column":43},"end":{"line":27,"column":1}},"line":24},"4":{"name":"(anonymous_4)","decl":{"start":{"line":31,"column":29},"end":{"line":31,"column":30}},"loc":{"start":{"line":31,"column":48},"end":{"line":37,"column":1}},"line":31},"5":{"name":"(anonymous_5)","decl":{"start":{"line":33,"column":29},"end":{"line":33,"column":30}},"loc":{"start":{"line":33,"column":37},"end":{"line":33,"column":65}},"line":33},"6":{"name":"(anonymous_6)","decl":{"start":{"line":39,"column":28},"end":{"line":39,"column":29}},"loc":{"start":{"line":39,"column":46},"end":{"line":42,"column":1}},"line":39},"7":{"name":"(anonymous_7)","decl":{"start":{"line":44,"column":36},"end":{"line":44,"column":37}},"loc":{"start":{"line":44,"column":54},"end":{"line":59,"column":1}},"line":44},"8":{"name":"(anonymous_8)","decl":{"start":{"line":53,"column":14},"end":{"line":53,"column":15}},"loc":{"start":{"line":53,"column":24},"end":{"line":56,"column":3}},"line":53}},"branchMap":{"0":{"loc":{"start":{"line":7,"column":4},"end":{"line":11,"column":5}},"type":"if","locations":[{"start":{"line":7,"column":4},"end":{"line":11,"column":5}},{"start":{"line":7,"column":4},"end":{"line":11,"column":5}}],"line":7},"1":{"loc":{"start":{"line":46,"column":2},"end":{"line":57,"column":3}},"type":"if","locations":[{"start":{"line":46,"column":2},"end":{"line":57,"column":3}},{"start":{"line":46,"column":2},"end":{"line":57,"column":3}}],"line":46},"2":{"loc":{"start":{"line":47,"column":4},"end":{"line":49,"column":5}},"type":"if","locations":[{"start":{"line":47,"column":4},"end":{"line":49,"column":5}},{"start":{"line":47,"column":4},"end":{"line":49,"column":5}}],"line":47}},"s":{"0":3,"1":3,"2":13,"3":12,"4":1,"5":3,"6":85,"7":81,"8":3,"9":2,"10":2,"11":3,"12":21,"13":21,"14":3,"15":1,"16":1,"17":10,"18":1,"19":3,"20":63,"21":63,"22":3,"23":81,"24":81,"25":61,"26":33,"27":18,"28":18,"29":68,"30":68,"31":79},"f":{"0":13,"1":85,"2":2,"3":21,"4":1,"5":10,"6":63,"7":81,"8":68},"b":{"0":[12,1],"1":[61,18],"2":[33,28]},"_coverageSchema":"43e27e138ebf9cfc5966b082cf9a028302ed4184","hash":"a7c379ebfffbbdb29080b506024040660bbcbb75"}
,"/home/judith-c-q-i/Escritorio/LIM009-fe-md-links/src/validate.js": {"path":"/home/judith-c-q-i/Escritorio/LIM009-fe-md-links/src/validate.js","statementMap":{"0":{"start":{"line":7,"column":13},"end":{"line":7,"column":72}},"1":{"start":{"line":10,"column":25},"end":{"line":23,"column":1}},"2":{"start":{"line":11,"column":24},"end":{"line":11,"column":73}},"3":{"start":{"line":12,"column":17},"end":{"line":12,"column":19}},"4":{"start":{"line":13,"column":4},"end":{"line":21,"column":10}},"5":{"start":{"line":14,"column":30},"end":{"line":14,"column":48}},"6":{"start":{"line":15,"column":27},"end":{"line":15,"column":57}},"7":{"start":{"line":16,"column":12},"end":{"line":19,"column":14}},"8":{"start":{"line":17,"column":16},"end":{"line":17,"column":59}},"9":{"start":{"line":20,"column":12},"end":{"line":20,"column":54}},"10":{"start":{"line":22,"column":4},"end":{"line":22,"column":18}},"11":{"start":{"line":27,"column":29},"end":{"line":48,"column":1}},"12":{"start":{"line":28,"column":19},"end":{"line":46,"column":4}},"13":{"start":{"line":29,"column":4},"end":{"line":44,"column":6}},"14":{"start":{"line":31,"column":4},"end":{"line":37,"column":5}},"15":{"start":{"line":32,"column":6},"end":{"line":32,"column":28}},"16":{"start":{"line":33,"column":6},"end":{"line":33,"column":35}},"17":{"start":{"line":35,"column":4},"end":{"line":35,"column":26}},"18":{"start":{"line":36,"column":4},"end":{"line":36,"column":33}},"19":{"start":{"line":38,"column":4},"end":{"line":38,"column":15}},"20":{"start":{"line":41,"column":6},"end":{"line":41,"column":24}},"21":{"start":{"line":42,"column":6},"end":{"line":42,"column":27}},"22":{"start":{"line":43,"column":4},"end":{"line":43,"column":15}},"23":{"start":{"line":47,"column":2},"end":{"line":47,"column":32}}},"fnMap":{"0":{"name":"(anonymous_0)","decl":{"start":{"line":10,"column":25},"end":{"line":10,"column":26}},"loc":{"start":{"line":10,"column":34},"end":{"line":23,"column":1}},"line":10},"1":{"name":"(anonymous_1)","decl":{"start":{"line":13,"column":24},"end":{"line":13,"column":25}},"loc":{"start":{"line":13,"column":38},"end":{"line":21,"column":9}},"line":13},"2":{"name":"(anonymous_2)","decl":{"start":{"line":16,"column":28},"end":{"line":16,"column":29}},"loc":{"start":{"line":16,"column":47},"end":{"line":19,"column":13}},"line":16},"3":{"name":"(anonymous_3)","decl":{"start":{"line":27,"column":29},"end":{"line":27,"column":30}},"loc":{"start":{"line":27,"column":40},"end":{"line":48,"column":1}},"line":27},"4":{"name":"(anonymous_4)","decl":{"start":{"line":28,"column":42},"end":{"line":28,"column":43}},"loc":{"start":{"line":28,"column":49},"end":{"line":46,"column":3}},"line":28},"5":{"name":"(anonymous_5)","decl":{"start":{"line":30,"column":10},"end":{"line":30,"column":11}},"loc":{"start":{"line":30,"column":15},"end":{"line":39,"column":5}},"line":30},"6":{"name":"(anonymous_6)","decl":{"start":{"line":40,"column":11},"end":{"line":40,"column":12}},"loc":{"start":{"line":40,"column":14},"end":{"line":44,"column":5}},"line":40}},"branchMap":{"0":{"loc":{"start":{"line":31,"column":4},"end":{"line":37,"column":5}},"type":"if","locations":[{"start":{"line":31,"column":4},"end":{"line":37,"column":5}},{"start":{"line":31,"column":4},"end":{"line":37,"column":5}}],"line":31}},"s":{"0":2,"1":2,"2":5,"3":5,"4":5,"5":20,"6":20,"7":20,"8":20,"9":20,"10":5,"11":2,"12":3,"13":12,"14":9,"15":6,"16":6,"17":3,"18":3,"19":9,"20":3,"21":3,"22":3,"23":3},"f":{"0":5,"1":20,"2":20,"3":3,"4":12,"5":9,"6":3},"b":{"0":[6,3]},"_coverageSchema":"43e27e138ebf9cfc5966b082cf9a028302ed4184","hash":"fc936b49d91929dd5410a1b1e22f993e3adeab2c"}
}
