TN:
SF:/home/judith-c-q-i/Escritorio/LIM009-fe-md-links/src/md-links.js
FN:10,(anonymous_0)
FN:11,(anonymous_1)
FNF:2
FNH:2
FNDA:2,(anonymous_0)
FNDA:2,(anonymous_1)
DA:7,1
DA:8,1
DA:10,1
DA:11,2
DA:12,2
DA:13,2
DA:14,1
DA:15,0
DA:16,0
DA:18,0
DA:20,1
DA:21,1
DA:22,1
DA:24,0
DA:28,1
DA:29,1
LF:16
LH:12
BRDA:14,0,0,0
BRDA:14,0,1,1
BRDA:14,1,0,1
BRDA:14,1,1,1
BRDA:14,1,2,1
BRDA:15,2,0,0
BRDA:15,2,1,0
BRDA:20,3,0,1
BRDA:20,3,1,0
BRDA:20,4,0,1
BRDA:20,4,1,1
BRDA:21,5,0,1
BRDA:21,5,1,0
BRDA:28,6,0,1
BRDA:28,6,1,0
BRF:15
BRH:9
end_of_record
TN:
SF:/home/judith-c-q-i/Escritorio/LIM009-fe-md-links/src/path-controller.js
FN:6,(anonymous_0)
FN:14,(anonymous_1)
FN:19,(anonymous_2)
FN:24,(anonymous_3)
FN:31,(anonymous_4)
FN:33,(anonymous_5)
FN:39,(anonymous_6)
FN:44,(anonymous_7)
FN:53,(anonymous_8)
FNF:9
FNH:9
FNDA:8,(anonymous_0)
FNDA:54,(anonymous_1)
FNDA:2,(anonymous_2)
FNDA:17,(anonymous_3)
FNDA:1,(anonymous_4)
FNDA:10,(anonymous_5)
FNDA:39,(anonymous_6)
FNDA:50,(anonymous_7)
FNDA:42,(anonymous_8)
DA:4,3
DA:6,3
DA:7,8
DA:8,7
DA:10,1
DA:14,3
DA:15,54
DA:16,51
DA:19,3
DA:20,2
DA:21,2
DA:24,3
DA:25,17
DA:26,17
DA:31,3
DA:32,1
DA:33,10
DA:36,1
DA:39,3
DA:40,39
DA:41,39
DA:44,3
DA:45,50
DA:46,50
DA:47,37
DA:48,25
DA:52,12
DA:53,12
DA:54,42
DA:55,42
DA:58,49
LF:31
LH:31
BRDA:7,0,0,7
BRDA:7,0,1,1
BRDA:46,1,0,37
BRDA:46,1,1,12
BRDA:47,2,0,25
BRDA:47,2,1,12
BRF:6
BRH:6
end_of_record
TN:
SF:/home/judith-c-q-i/Escritorio/LIM009-fe-md-links/src/validate.js
FN:10,(anonymous_0)
FN:13,(anonymous_1)
FN:16,(anonymous_2)
FN:27,(anonymous_3)
FN:28,(anonymous_4)
FN:30,(anonymous_5)
FN:40,(anonymous_6)
FNF:7
FNH:7
FNDA:4,(anonymous_0)
FNDA:16,(anonymous_1)
FNDA:20,(anonymous_2)
FNDA:3,(anonymous_3)
FNDA:15,(anonymous_4)
FNDA:12,(anonymous_5)
FNDA:3,(anonymous_6)
DA:7,2
DA:10,2
DA:11,4
DA:12,4
DA:13,4
DA:14,16
DA:15,16
DA:16,16
DA:17,20
DA:20,16
DA:22,4
DA:27,2
DA:28,3
DA:29,15
DA:31,12
DA:32,6
DA:33,6
DA:35,6
DA:36,6
DA:38,12
DA:41,3
DA:42,3
DA:43,3
DA:47,3
LF:24
LH:24
BRDA:31,0,0,6
BRDA:31,0,1,6
BRF:2
BRH:2
end_of_record
