TN:
SF:/home/judith-c-q-i/Escritorio/LIM009-fe-md-links/src/md-links.js
FN:10,(anonymous_0)
FN:11,(anonymous_1)
FNF:2
FNH:2
FNDA:2,(anonymous_0)
FNDA:2,(anonymous_1)
DA:7,1
DA:8,1
DA:10,1
DA:11,2
DA:12,2
DA:13,2
DA:14,1
DA:15,0
DA:16,0
DA:18,0
DA:20,1
DA:21,1
DA:22,1
DA:24,0
DA:28,1
DA:29,1
LF:16
LH:12
BRDA:14,0,0,0
BRDA:14,0,1,1
BRDA:14,1,0,1
BRDA:14,1,1,1
BRDA:14,1,2,1
BRDA:15,2,0,0
BRDA:15,2,1,0
BRDA:20,3,0,1
BRDA:20,3,1,0
BRDA:20,4,0,1
BRDA:20,4,1,1
BRDA:21,5,0,1
BRDA:21,5,1,0
BRDA:28,6,0,1
BRDA:28,6,1,0
BRF:15
BRH:9
end_of_record
TN:
SF:/home/judith-c-q-i/Escritorio/LIM009-fe-md-links/src/path-controller.js
FN:6,(anonymous_0)
FN:14,(anonymous_1)
FN:19,(anonymous_2)
FN:24,(anonymous_3)
FN:31,(anonymous_4)
FN:33,(anonymous_5)
FN:39,(anonymous_6)
FN:44,(anonymous_7)
FN:53,(anonymous_8)
FNF:9
FNH:9
FNDA:12,(anonymous_0)
FNDA:86,(anonymous_1)
FNDA:2,(anonymous_2)
FNDA:33,(anonymous_3)
FNDA:1,(anonymous_4)
FNDA:10,(anonymous_5)
FNDA:63,(anonymous_6)
FNDA:82,(anonymous_7)
FNDA:70,(anonymous_8)
DA:4,3
DA:6,3
DA:7,12
DA:8,11
DA:10,1
DA:14,3
DA:15,86
DA:16,83
DA:19,3
DA:20,2
DA:21,2
DA:24,3
DA:25,33
DA:26,33
DA:31,3
DA:32,1
DA:33,10
DA:36,1
DA:39,3
DA:40,63
DA:41,63
DA:44,3
DA:45,82
DA:46,82
DA:47,61
DA:48,41
DA:52,20
DA:53,20
DA:54,70
DA:55,70
DA:58,81
LF:31
LH:31
BRDA:7,0,0,11
BRDA:7,0,1,1
BRDA:46,1,0,61
BRDA:46,1,1,20
BRDA:47,2,0,41
BRDA:47,2,1,20
BRF:6
BRH:6
end_of_record
TN:
SF:/home/judith-c-q-i/Escritorio/LIM009-fe-md-links/src/validate.js
FN:10,(anonymous_0)
FN:13,(anonymous_1)
FN:16,(anonymous_2)
FN:27,(anonymous_3)
FN:28,(anonymous_4)
FN:30,(anonymous_5)
FN:40,(anonymous_6)
FN:54,(anonymous_7)
FN:57,(anonymous_8)
FNF:9
FNH:8
FNDA:8,(anonymous_0)
FNDA:32,(anonymous_1)
FNDA:40,(anonymous_2)
FNDA:7,(anonymous_3)
FNDA:35,(anonymous_4)
FNDA:28,(anonymous_5)
FNDA:7,(anonymous_6)
FNDA:2,(anonymous_7)
FNDA:0,(anonymous_8)
DA:7,2
DA:10,2
DA:11,8
DA:12,8
DA:13,8
DA:14,32
DA:15,32
DA:16,32
DA:17,40
DA:20,32
DA:22,8
DA:27,2
DA:28,7
DA:29,35
DA:31,28
DA:32,14
DA:33,14
DA:35,14
DA:36,14
DA:38,28
DA:41,7
DA:42,7
DA:43,7
DA:47,7
DA:51,2
DA:53,2
DA:55,2
DA:58,0
LF:28
LH:27
BRDA:31,0,0,14
BRDA:31,0,1,14
BRF:2
BRH:2
end_of_record
